2024-05-28 15:36:50,478.v3_emitter_of_tasks.INFO ==================================================
2024-05-28 15:36:50,478.v3_emitter_of_tasks.INFO Today is 2024-05-28 at 03:36 PM
2024-05-28 15:36:50,478.v3_emitter_of_tasks.INFO Running on: posix Darwin 20.6.0
2024-05-28 15:36:50,478.v3_emitter_of_tasks.INFO Python version:  3.11.4
2024-05-28 15:36:50,478.v3_emitter_of_tasks.INFO Python path: /Users/jakerood/streaming-04-multiple-consumers/.venv
2024-05-28 15:36:50,478.v3_emitter_of_tasks.INFO Working dir: /Users/jakerood/streaming-04-multiple-consumers
2024-05-28 15:36:50,478.v3_emitter_of_tasks.INFO ==================================================
2024-05-28 15:36:51,603.v3_emitter_of_tasks.INFO Opened the RabbitMQ Admin website.
2024-05-28 15:36:52,152.v3_emitter_of_tasks.INFO  [x] Sent First task.....
2024-05-28 15:36:52,217.v3_emitter_of_tasks.INFO  [x] Sent Second task.....
2024-05-28 15:36:52,252.v3_emitter_of_tasks.INFO  [x] Sent Third task.....
2024-05-28 15:36:52,286.v3_emitter_of_tasks.INFO  [x] Sent Fourth task....
2024-05-28 15:36:52,309.v3_emitter_of_tasks.INFO  [x] Sent Fifth task....
2024-05-28 15:36:52,331.v3_emitter_of_tasks.INFO  [x] Sent Sixth task....
2024-05-28 15:36:52,347.v3_emitter_of_tasks.INFO  [x] Sent Seventh task....
2024-05-28 15:36:52,360.v3_emitter_of_tasks.INFO  [x] Sent Eighth task....
2024-05-28 15:36:52,373.v3_emitter_of_tasks.INFO  [x] Sent Ninth task....
2024-05-28 15:36:52,386.v3_emitter_of_tasks.INFO  [x] Sent Tenth task....
2024-05-28 15:36:52,425.v3_emitter_of_tasks.INFO  [x] Sent Eleventh task....
2024-05-28 15:36:52,470.v3_emitter_of_tasks.INFO  [x] Sent Twelfth task....
2024-05-28 15:36:52,483.v3_emitter_of_tasks.INFO  [x] Sent Thirteenth task....
2024-05-28 15:36:52,503.v3_emitter_of_tasks.INFO  [x] Sent Fourteenth task....
2024-05-28 15:36:52,538.v3_emitter_of_tasks.INFO  [x] Sent Fifteenth task....
2024-05-28 15:36:52,570.v3_emitter_of_tasks.INFO  [x] Sent Sixteenth task....
2024-05-28 15:36:52,592.v3_emitter_of_tasks.INFO  [x] Sent Seventeenth task....
2024-05-28 15:36:52,602.v3_emitter_of_tasks.INFO  [x] Sent Eighteenth task....
2024-05-28 15:36:52,612.v3_emitter_of_tasks.INFO  [x] Sent Nineteenth task....
2024-05-28 15:36:52,635.v3_emitter_of_tasks.INFO  [x] Sent Twentieth task....
