2024-05-28 15:36:39,579.v3_listening_worker.INFO ==================================================
2024-05-28 15:36:39,579.v3_listening_worker.INFO Today is 2024-05-28 at 03:36 PM
2024-05-28 15:36:39,579.v3_listening_worker.INFO Running on: posix Darwin 20.6.0
2024-05-28 15:36:39,580.v3_listening_worker.INFO Python version:  3.11.4
2024-05-28 15:36:39,580.v3_listening_worker.INFO Python path: /Users/jakerood/streaming-04-multiple-consumers/.venv
2024-05-28 15:36:39,580.v3_listening_worker.INFO Working dir: /Users/jakerood/streaming-04-multiple-consumers
2024-05-28 15:36:39,580.v3_listening_worker.INFO ==================================================
2024-05-28 15:36:39,592.v3_listening_worker.INFO  [*] Ready for work. To exit press CTRL+C
2024-05-28 15:36:52,218.v3_listening_worker.INFO  [x] Received Second task.....
2024-05-28 15:36:57,220.v3_listening_worker.INFO  [x] Done.
2024-05-28 15:36:57,222.v3_listening_worker.INFO  [x] Received Fourth task....
2024-05-28 15:37:02,166.v3_listening_worker.INFO  [x] Done.
2024-05-28 15:37:02,167.v3_listening_worker.INFO  [x] Received Sixth task....
2024-05-28 15:37:06,173.v3_listening_worker.INFO  [x] Done.
2024-05-28 15:37:06,175.v3_listening_worker.INFO  [x] Received Eighth task....
2024-05-28 15:37:10,180.v3_listening_worker.INFO  [x] Done.
2024-05-28 15:37:10,182.v3_listening_worker.INFO  [x] Received Tenth task....
2024-05-28 15:37:14,183.v3_listening_worker.INFO  [x] Done.
2024-05-28 15:37:14,184.v3_listening_worker.INFO  [x] Received Twelfth task....
2024-05-28 15:37:18,190.v3_listening_worker.INFO  [x] Done.
2024-05-28 15:37:18,192.v3_listening_worker.INFO  [x] Received Fourteenth task....
2024-05-28 15:37:22,198.v3_listening_worker.INFO  [x] Done.
2024-05-28 15:37:22,199.v3_listening_worker.INFO  [x] Received Sixteenth task....
2024-05-28 15:37:26,205.v3_listening_worker.INFO  [x] Done.
2024-05-28 15:37:26,206.v3_listening_worker.INFO  [x] Received Eighteenth task....
2024-05-28 15:37:30,212.v3_listening_worker.INFO  [x] Done.
2024-05-28 15:37:30,213.v3_listening_worker.INFO  [x] Received Twentieth task....
2024-05-28 15:37:34,219.v3_listening_worker.INFO  [x] Done.
2024-05-28 15:38:01,474.v3_listening_worker.ERROR  User interrupted continuous listening process.
2024-05-28 15:38:01,474.v3_listening_worker.INFO Closing connection. Goodbye.
